<?xml version="1.0" encoding="UTF-8" ?>
<testsuite errors="0" skipped="0" tests="4" time="0.063" failures="0" name="br.com.settech.compositepattern.TestCompositeSchema">
  <properties>
    <property value="Sun Microsystems Inc." name="java.vendor"/>
    <property value="local/Alberto-Souza:/tmp/.ICE-unix/3837" name="env.SESSION_MANAGER"/>
    <property value="/home/asouza/.m2/repository" name="localRepository"/>
    <property value="SUN_STANDARD" name="sun.java.launcher"/>
    <property value="HotSpot Server Compiler" name="sun.management.compiler"/>
    <property value="Linux" name="os.name"/>
    <property value="/usr/lib/jvm/java-1.5.0-sun-1.5.0.18/jre/lib/rt.jar:/usr/lib/jvm/java-1.5.0-sun-1.5.0.18/jre/lib/i18n.jar:/usr/lib/jvm/java-1.5.0-sun-1.5.0.18/jre/lib/sunrsasign.jar:/usr/lib/jvm/java-1.5.0-sun-1.5.0.18/jre/lib/jsse.jar:/usr/lib/jvm/java-1.5.0-sun-1.5.0.18/jre/lib/jce.jar:/usr/lib/jvm/java-1.5.0-sun-1.5.0.18/jre/lib/charsets.jar:/usr/lib/jvm/java-1.5.0-sun-1.5.0.18/jre/classes" name="sun.boot.class.path"/>
    <property value="/home/asouza" name="env.PWD"/>
    <property value="089a848c972e9ab819547f574a382540-1246224816.937311-1283792837" name="env.XDG_SESSION_COOKIE"/>
    <property value="gnome" name="sun.desktop"/>
    <property value="pt_BR.UTF-8" name="env.LANG"/>
    <property value="Sun Microsystems Inc." name="java.vm.specification.vendor"/>
    <property value="1.5.0_18-b02" name="java.runtime.version"/>
    <property value=":0.0" name="env.DISPLAY"/>
    <property value="asouza" name="user.name"/>
    <property value="asouza" name="env.USER"/>
    <property value="/bin/bash" name="env.SHELL"/>
    <property value="/usr/lib/xulrunner-addons" name="env.MOZILLA_FIVE_HOME"/>
    <property value="default" name="env.DESKTOP_SESSION"/>
    <property value="/usr/local/share/:/usr/share/:/usr/share/gdm/" name="env.XDG_DATA_DIRS"/>
    <property value="/usr/dt/lib/nls/msg/%L/%N.cat" name="env.NLSPATH"/>
    <property value="/usr/local/sbin:/usr/local/bin:/usr/sbin:/usr/bin:/sbin:/bin:/usr/games" name="env.PATH"/>
    <property value="pt" name="user.language"/>
    <property value="/usr/lib/jvm/java-1.5.0-sun-1.5.0.18/jre/lib/i386" name="sun.boot.library.path"/>
    <property value="/home/asouza/desenvolvimento/projetos-os/.metadata/.plugins/org.maven.ide.eclipse/launches/m2conf1220264513770980201.tmp" name="classworlds.conf"/>
    <property value="1.5.0_18" name="java.version"/>
    <property value="" name="user.timezone"/>
    <property value="unix:abstract=/tmp/dbus-F61DCZvyFu,guid=3bd918851418055e36a10b414a47e1b1" name="env.DBUS_SESSION_BUS_ADDRESS"/>
    <property value="32" name="sun.arch.data.model"/>
    <property value="3961" name="env.SSH_AGENT_PID"/>
    <property value="/usr/lib/jvm/java-1.5.0-sun-1.5.0.18/jre/lib/endorsed" name="java.endorsed.dirs"/>
    <property value="" name="sun.cpu.isalist"/>
    <property value="UTF-8" name="sun.jnu.encoding"/>
    <property value="sun.io" name="file.encoding.pkg"/>
    <property value="/" name="file.separator"/>
    <property value="Java Platform API Specification" name="java.specification.name"/>
    <property value="this-is-deprecated" name="env.GNOME_DESKTOP_SESSION_ID"/>
    <property value="49.0" name="java.class.version"/>
    <property value="default" name="env.GDMSESSION"/>
    <property value="BR" name="user.country"/>
    <property value="3826" name="env.GNOME_KEYRING_PID"/>
    <property value="/usr/lib/jvm/java-1.5.0-sun-1.5.0.18/jre" name="java.home"/>
    <property value="mixed mode" name="java.vm.info"/>
    <property value="asouza" name="env.LOGNAME"/>
    <property value="2.6.28-13-generic" name="os.version"/>
    <property value=":" name="path.separator"/>
    <property value="1.5.0_18-b02" name="java.vm.version"/>
    <property value="sun.print.PSPrinterJob" name="java.awt.printerjob"/>
    <property value="7" name="env.WINDOWPATH"/>
    <property value="UnicodeLittle" name="sun.io.unicode.encoding"/>
    <property value="pt_BR.UTF-8" name="env.GDM_LANG"/>
    <property value="/home/asouza" name="user.home"/>
    <property value="Sun Microsystems Inc." name="java.specification.vendor"/>
    <property value="/usr/lib/jvm/java-1.5.0-sun-1.5.0.18/jre/lib/i386/server:/usr/lib/jvm/java-1.5.0-sun-1.5.0.18/jre/lib/i386:/usr/lib/jvm/java-1.5.0-sun-1.5.0.18/jre/../lib/i386:/usr/lib/jvm/java-1.5.0-sun-1.5.0.18/jre/lib/i386/client:/usr/lib/jvm/java-1.5.0-sun-1.5.0.18/jre/lib/i386:/usr/lib/xulrunner-addons:/usr/lib/xulrunner-addons:/usr/lib/xulrunner-addons" name="java.library.path"/>
    <property value="http://java.sun.com/" name="java.vendor.url"/>
    <property value="local" name="env.GDM_XSERVER_LOCATION"/>
    <property value="Sun Microsystems Inc." name="java.vm.vendor"/>
    <property value="EMBEDDED" name="maven.home"/>
    <property value="Java(TM) 2 Runtime Environment, Standard Edition" name="java.runtime.name"/>
    <property value="/home/asouza/ambiente/eclipse/plugins/org.maven.ide.components.maven_embedder_2.1.0.20080530-2300/jars/plexus-classworlds-1.2-alpha-12.jar" name="java.class.path"/>
    <property value="/usr/dt/app-defaults/%L/Dt" name="env.XFILESEARCHPATH"/>
    <property value="Java Virtual Machine Specification" name="java.vm.specification.name"/>
    <property value="1.0" name="java.vm.specification.version"/>
    <property value="/home/asouza/desenvolvimento/projetos-os/.metadata/.plugins/org.maven.ide.eclipse/workspacestate.properties" name="m2eclipse.workspace.state"/>
    <property value="little" name="sun.cpu.endian"/>
    <property value="/etc/gtk/gtkrc:/home/asouza/.gtkrc-1.2-gnome2" name="env.GTK_RC_FILES"/>
    <property value="unknown" name="sun.os.patch.level"/>
    <property value="/home/asouza" name="env.HOME"/>
    <property value="/home/asouza/ambiente/desenvolvimento/projetos-os/composite-pattern/target/test-classes:/home/asouza/ambiente/desenvolvimento/projetos-os/composite-pattern/target/classes:/home/asouza/.m2/repository/junit/junit/4.4/junit-4.4.jar:" name="surefire.test.class.path"/>
    <property value="/tmp" name="java.io.tmpdir"/>
    <property value="/usr/lib/jvm/java-1.5.0-sun-1.5.0.18/jre/lib/i386/server:/usr/lib/jvm/java-1.5.0-sun-1.5.0.18/jre/lib/i386:/usr/lib/jvm/java-1.5.0-sun-1.5.0.18/jre/../lib/i386:/usr/lib/jvm/java-1.5.0-sun-1.5.0.18/jre/lib/i386/client:/usr/lib/jvm/java-1.5.0-sun-1.5.0.18/jre/lib/i386:/usr/lib/xulrunner-addons:/usr/lib/xulrunner-addons:/usr/lib/xulrunner-addons" name="env.LD_LIBRARY_PATH"/>
    <property value="http://java.sun.com/cgi-bin/bugreport.cgi" name="java.vendor.url.bug"/>
    <property value="/tmp/keyring-yu8Edb/socket.ssh" name="env.SSH_AUTH_SOCK"/>
    <property value="sun.awt.X11GraphicsEnvironment" name="java.awt.graphicsenv"/>
    <property value="i386" name="os.arch"/>
    <property value="/usr/lib/jvm/java-1.5.0-sun-1.5.0.18/jre/lib/ext" name="java.ext.dirs"/>
    <property value="/home/asouza/ambiente/desenvolvimento/projetos-os/composite-pattern" name="user.dir"/>
    <property value="/home/asouza/.Xauthority" name="env.XAUTHORITY"/>
    <property value="canberra-gtk-module" name="env.GTK_MODULES"/>
    <property value="
" name="line.separator"/>
    <property value="Java HotSpot(TM) Server VM" name="java.vm.name"/>
    <property value="/home/asouza/ambiente/desenvolvimento/projetos-os/composite-pattern" name="basedir"/>
    <property value="true" name="maven.mode.standalone"/>
    <property value="/tmp/orbit-asouza" name="env.ORBIT_SOCKETDIR"/>
    <property value="asouza" name="env.USERNAME"/>
    <property value="UTF-8" name="file.encoding"/>
    <property value="/tmp/keyring-yu8Edb/socket" name="env.GNOME_KEYRING_SOCKET"/>
    <property value="/tmp/seahorse-UUSvmK/S.gpg-agent:3984:1" name="env.GPG_AGENT_INFO"/>
    <property value="1.5" name="java.specification.version"/>
  </properties>
  <testcase classname="br.com.settech.compositepattern.TestCompositeSchema" time="0.015" name="testSelectPossibleFathers"/>
  <testcase classname="br.com.settech.compositepattern.TestCompositeSchema" time="0.002" name="testGetRelatives"/>
  <testcase classname="br.com.settech.compositepattern.TestCompositeSchema" time="0.002" name="testGetAllChildren"/>
  <testcase classname="br.com.settech.compositepattern.TestCompositeSchema" time="0.002" name="testSelectLeafs"/>
</testsuite>