<?xml version="1.0" encoding="UTF-8" ?>
<testsuite errors="0" skipped="0" tests="2" time="0.203" failures="0" name="br.com.settech.compositepattern.TestCompositeSchema">
  <properties>
    <property value="Sun Microsystems Inc." name="java.vendor"/>
    <property value="D:\Documents and Settings\Alberto Pc\.m2\repository" name="localRepository"/>
    <property value="HotSpot Client Compiler" name="sun.management.compiler"/>
    <property value="$P$G" name="env.PROMPT"/>
    <property value="Windows XP" name="os.name"/>
    <property value="NO" name="env.FP_NO_HOST_CHECK"/>
    <property value="C:\ambiente\Java\jre1.5.0_06\lib\rt.jar;C:\ambiente\Java\jre1.5.0_06\lib\i18n.jar;C:\ambiente\Java\jre1.5.0_06\lib\sunrsasign.jar;C:\ambiente\Java\jre1.5.0_06\lib\jsse.jar;C:\ambiente\Java\jre1.5.0_06\lib\jce.jar;C:\ambiente\Java\jre1.5.0_06\lib\charsets.jar;C:\ambiente\Java\jre1.5.0_06\classes" name="sun.boot.class.path"/>
    <property value="ALBERTO" name="env.COMPUTERNAME"/>
    <property value="D:\Documents and Settings\All Users" name="env.ALLUSERSPROFILE"/>
    <property value="windows" name="sun.desktop"/>
    <property value="Sun Microsystems Inc." name="java.vm.specification.vendor"/>
    <property value="1.5.0_06-b05" name="java.runtime.version"/>
    <property value="\Documents and Settings\Alberto Pc" name="env.HOMEPATH"/>
    <property value="Alberto Pc" name="user.name"/>
    <property value="C:\ambiente\Java\jre1.5.0_06\lib\ext\QTJava.zip" name="env.QTJAVA"/>
    <property value="pt" name="user.language"/>
    <property value="C:\ambiente\Java\jre1.5.0_06\bin" name="sun.boot.library.path"/>
    <property value="1.5.0_06" name="java.version"/>
    <property value="x86 Family 15 Model 15 Stepping 0, AuthenticAMD" name="env.PROCESSOR_IDENTIFIER"/>
    <property value="" name="user.timezone"/>
    <property value="D:\DOCUME~1\ALBERT~1\LOCALS~1\Temp" name="env.TEMP"/>
    <property value="32" name="sun.arch.data.model"/>
    <property value="C:\ambiente\Java\jre1.5.0_06\lib\endorsed" name="java.endorsed.dirs"/>
    <property value="" name="sun.cpu.isalist"/>
    <property value="D:" name="env.HOMEDRIVE"/>
    <property value="Cp1252" name="sun.jnu.encoding"/>
    <property value="sun.io" name="file.encoding.pkg"/>
    <property value="\" name="file.separator"/>
    <property value="Java Platform API Specification" name="java.specification.name"/>
    <property value="49.0" name="java.class.version"/>
    <property value="BR" name="user.country"/>
    <property value="C:\ambiente\Java\jre1.5.0_06" name="java.home"/>
    <property value="D:\Documents and Settings\Alberto Pc\Application Data" name="env.APPDATA"/>
    <property value="mixed mode, sharing" name="java.vm.info"/>
    <property value="D:\WINDOWS\system32\cmd.exe" name="env.ComSpec"/>
    <property value="Windows_NT" name="env.OS"/>
    <property value="D:\Program Files\Common Files" name="env.CommonProgramFiles"/>
    <property value="5.1" name="os.version"/>
    <property value="-rubygems" name="env.RUBYOPT"/>
    <property value=";" name="path.separator"/>
    <property value="1.5.0_06-b05" name="java.vm.version"/>
    <property value="" name="user.variant"/>
    <property value="D:\Documents and Settings\Alberto Pc" name="env.USERPROFILE"/>
    <property value="C:\ambiente\Java\jdk1.5.0_06" name="env.JAVA_HOME"/>
    <property value="sun.awt.windows.WPrinterJob" name="java.awt.printerjob"/>
    <property value="D:\DOCUME~1\ALBERT~1\LOCALS~1\Temp" name="env.TMP"/>
    <property value="UnicodeLittle" name="sun.io.unicode.encoding"/>
    <property value="sun.awt.windows.WToolkit" name="awt.toolkit"/>
    <property value="D:\Documents and Settings\Alberto Pc" name="user.home"/>
    <property value="Console" name="env.SESSIONNAME"/>
    <property value="Sun Microsystems Inc." name="java.specification.vendor"/>
    <property value=".;C:\ambiente\Java\jre1.5.0_06\lib\ext\QTJava.zip" name="env.CLASSPATH"/>
    <property value="1" name="env.NUMBER_OF_PROCESSORS"/>
    <property value="C:\ambiente\Java\jre1.5.0_06\bin;.;D:\WINDOWS\system32;D:\WINDOWS;D:/Program Files/Java/jre6/bin/client;D:/Program Files/Java/jre6/bin;c:\ambiente\ruby\bin;D:\WINDOWS\system32;D:\WINDOWS;D:\WINDOWS\System32\Wbem;D:\Program Files\ATI Technologies\ATI Control Panel;C:\ambiente\Java\jdk1.5.0_06\bin;D:\Program Files\MySQL\MySQL Server 5.0\bin;D:\Program Files\Microsoft SQL Server\90\Tools\binn\;C:\ambiente\apache-maven-2.0.9\bin;C:\ambiente\jruby-1.1\bin;D:\Program Files\TortoiseSVN\bin;D:\Program Files\QuickTime\QTSystem\;C:\ambiente\Google\google_appengine\;c:\ambiente\ruby\bin;D:\WINDOWS\system32;D:\WINDOWS;D:\WINDOWS\System32\Wbem;D:\Program Files\ATI Technologies\ATI Control Panel;C:\ambiente\Java\jdk1.5.0_06\bin;D:\Program Files\MySQL\MySQL Server 5.0\bin;D:\Program Files\Microsoft SQL Server\90\Tools\binn\;C:\ambiente\apache-maven-2.0.9\bin;C:\ambiente\jruby-1.1\bin;D:\Program Files\TortoiseSVN\bin;D:\Program Files\QuickTime\QTSystem\;D:\PROGRA~1\COMMON~1\MUVEET~1\030625" name="java.library.path"/>
    <property value="http://java.sun.com/" name="java.vendor.url"/>
    <property value="Sun Microsystems Inc." name="java.vm.vendor"/>
    <property value="C:\ambiente\downloads\frameworks\apache-cxf-2.1.3" name="env.CFX_HOME"/>
    <property value="Java(TM) 2 Runtime Environment, Standard Edition" name="java.runtime.name"/>
    <property value="/C:/ambiente/eclipse3.5M2/plugins/org.maven.ide.components.maven_embedder_2.1.0.20080530-2300/jars/aspectjrt-1.5.3.jar;/C:/ambiente/eclipse3.5M2/plugins/org.maven.ide.components.maven_embedder_2.1.0.20080530-2300/jars/commons-cli-1.0.jar;/C:/ambiente/eclipse3.5M2/plugins/org.maven.ide.components.maven_embedder_2.1.0.20080530-2300/jars/doxia-sink-api-1.0-alpha-9.jar;/C:/ambiente/eclipse3.5M2/plugins/org.maven.ide.components.maven_embedder_2.1.0.20080530-2300/jars/jsch-0.1.27.jar;/C:/ambiente/eclipse3.5M2/plugins/org.maven.ide.components.maven_embedder_2.1.0.20080530-2300/jars/jtidy-4aug2000r7-dev.jar;/C:/ambiente/eclipse3.5M2/plugins/org.maven.ide.components.maven_embedder_2.1.0.20080530-2300/jars/maven-artifact-3.0-SNAPSHOT.jar;/C:/ambiente/eclipse3.5M2/plugins/org.maven.ide.components.maven_embedder_2.1.0.20080530-2300/jars/maven-core-2.1-SNAPSHOT.jar;/C:/ambiente/eclipse3.5M2/plugins/org.maven.ide.components.maven_embedder_2.1.0.20080530-2300/jars/maven-embedder-2.1-SNAPSHOT.jar;/C:/ambiente/eclipse3.5M2/plugins/org.maven.ide.components.maven_embedder_2.1.0.20080530-2300/jars/maven-lifecycle-2.1-SNAPSHOT.jar;/C:/ambiente/eclipse3.5M2/plugins/org.maven.ide.components.maven_embedder_2.1.0.20080530-2300/jars/maven-model-2.1-SNAPSHOT.jar;/C:/ambiente/eclipse3.5M2/plugins/org.maven.ide.components.maven_embedder_2.1.0.20080530-2300/jars/maven-plugin-api-2.1-SNAPSHOT.jar;/C:/ambiente/eclipse3.5M2/plugins/org.maven.ide.components.maven_embedder_2.1.0.20080530-2300/jars/maven-profile-2.1-SNAPSHOT.jar;/C:/ambiente/eclipse3.5M2/plugins/org.maven.ide.components.maven_embedder_2.1.0.20080530-2300/jars/maven-project-2.1-SNAPSHOT.jar;/C:/ambiente/eclipse3.5M2/plugins/org.maven.ide.components.maven_embedder_2.1.0.20080530-2300/jars/maven-reporting-api-2.1-SNAPSHOT.jar;/C:/ambiente/eclipse3.5M2/plugins/org.maven.ide.components.maven_embedder_2.1.0.20080530-2300/jars/maven-toolchain-2.1-SNAPSHOT.jar;/C:/ambiente/eclipse3.5M2/plugins/org.maven.ide.components.maven_embedder_2.1.0.20080530-2300/jars/maven-workspace-2.1-SNAPSHOT.jar;/C:/ambiente/eclipse3.5M2/plugins/org.maven.ide.components.maven_embedder_2.1.0.20080530-2300/jars/plexus-classworlds-1.2-alpha-12.jar;/C:/ambiente/eclipse3.5M2/plugins/org.maven.ide.components.maven_embedder_2.1.0.20080530-2300/jars/plexus-container-default-1.0-alpha-44.jar;/C:/ambiente/eclipse3.5M2/plugins/org.maven.ide.components.maven_embedder_2.1.0.20080530-2300/jars/plexus-interactivity-api-1.0-alpha-6.jar;/C:/ambiente/eclipse3.5M2/plugins/org.maven.ide.components.maven_embedder_2.1.0.20080530-2300/jars/plexus-interpolation-1.0-SNAPSHOT.jar;/C:/ambiente/eclipse3.5M2/plugins/org.maven.ide.components.maven_embedder_2.1.0.20080530-2300/jars/plexus-utils-1.5.1.jar;/C:/ambiente/eclipse3.5M2/plugins/org.maven.ide.components.maven_embedder_2.1.0.20080530-2300/jars/wagon-file-1.0-beta-2.jar;/C:/ambiente/eclipse3.5M2/plugins/org.maven.ide.components.maven_embedder_2.1.0.20080530-2300/jars/wagon-http-lightweight-1.0-beta-2.jar;/C:/ambiente/eclipse3.5M2/plugins/org.maven.ide.components.maven_embedder_2.1.0.20080530-2300/jars/wagon-http-shared-1.0-beta-2.jar;/C:/ambiente/eclipse3.5M2/plugins/org.maven.ide.components.maven_embedder_2.1.0.20080530-2300/jars/wagon-provider-api-1.0-beta-2.jar;/C:/ambiente/eclipse3.5M2/plugins/org.maven.ide.components.maven_embedder_2.1.0.20080530-2300/jars/wagon-ssh-1.0-beta-2.jar;/C:/ambiente/eclipse3.5M2/plugins/org.maven.ide.components.maven_embedder_2.1.0.20080530-2300/jars/wagon-ssh-common-1.0-beta-2.jar;/C:/ambiente/eclipse3.5M2/plugins/org.maven.ide.components.maven_embedder_2.1.0.20080530-2300/jars/wagon-ssh-external-1.0-beta-2.jar" name="java.class.path"/>
    <property value="Java Virtual Machine Specification" name="java.vm.specification.name"/>
    <property value="\\ALBERTO" name="env.LOGONSERVER"/>
    <property value="D:\WINDOWS" name="env.windir"/>
    <property value="1.0" name="java.vm.specification.version"/>
    <property value="x86" name="env.PROCESSOR_ARCHITECTURE"/>
    <property value="little" name="sun.cpu.endian"/>
    <property value="Service Pack 2" name="sun.os.patch.level"/>
    <property value="C:\ambiente\apache-ant-1.7.1" name="env.ANT_HOME"/>
    <property value="C:\ambiente\eclipse3.5M2\projetos-os\composite-pattern\target\test-classes;C:\ambiente\eclipse3.5M2\projetos-os\composite-pattern\target\classes;D:\Documents and Settings\Alberto Pc\.m2\repository\junit\junit\4.4\junit-4.4.jar;" name="surefire.test.class.path"/>
    <property value="D:\Program Files" name="env.ProgramFiles"/>
    <property value="0f00" name="env.PROCESSOR_REVISION"/>
    <property value="D:\DOCUME~1\ALBERT~1\LOCALS~1\Temp\" name="java.io.tmpdir"/>
    <property value="http://java.sun.com/cgi-bin/bugreport.cgi" name="java.vendor.url.bug"/>
    <property value="D:\WINDOWS" name="env.SystemRoot"/>
    <property value="sun.awt.Win32GraphicsEnvironment" name="java.awt.graphicsenv"/>
    <property value="x86" name="os.arch"/>
    <property value="C:\ambiente\Java\jre1.5.0_06\lib\ext" name="java.ext.dirs"/>
    <property value="C:\ambiente\eclipse3.5M2\projetos-os\composite-pattern" name="user.dir"/>
    <property value="
" name="line.separator"/>
    <property value="Java HotSpot(TM) Client VM" name="java.vm.name"/>
    <property value=".COM;.EXE;.BAT;.CMD;.VBS;.VBE;.JS;.JSE;.WSF;.WSH;.RB;.RBW" name="env.PATHEXT"/>
    <property value="D:/Program Files/Java/jre6/bin/client;D:/Program Files/Java/jre6/bin;c:\ambiente\ruby\bin;D:\WINDOWS\system32;D:\WINDOWS;D:\WINDOWS\System32\Wbem;D:\Program Files\ATI Technologies\ATI Control Panel;C:\ambiente\Java\jdk1.5.0_06\bin;D:\Program Files\MySQL\MySQL Server 5.0\bin;D:\Program Files\Microsoft SQL Server\90\Tools\binn\;C:\ambiente\apache-maven-2.0.9\bin;C:\ambiente\jruby-1.1\bin;D:\Program Files\TortoiseSVN\bin;D:\Program Files\QuickTime\QTSystem\;C:\ambiente\Google\google_appengine\;c:\ambiente\ruby\bin;D:\WINDOWS\system32;D:\WINDOWS;D:\WINDOWS\System32\Wbem;D:\Program Files\ATI Technologies\ATI Control Panel;C:\ambiente\Java\jdk1.5.0_06\bin;D:\Program Files\MySQL\MySQL Server 5.0\bin;D:\Program Files\Microsoft SQL Server\90\Tools\binn\;C:\ambiente\apache-maven-2.0.9\bin;C:\ambiente\jruby-1.1\bin;D:\Program Files\TortoiseSVN\bin;D:\Program Files\QuickTime\QTSystem\;D:\PROGRA~1\COMMON~1\MUVEET~1\030625" name="env.Path"/>
    <property value="C:\ambiente\eclipse3.5M2\projetos-os\composite-pattern" name="basedir"/>
    <property value="true" name="maven.mode.standalone"/>
    <property value="C:\ambiente\db-derby-10.4.2.0-bin" name="env.DERBY_INSTALL"/>
    <property value="Alberto Pc" name="env.USERNAME"/>
    <property value="D:" name="env.SystemDrive"/>
    <property value="Cp1252" name="file.encoding"/>
    <property value="ALBERTO" name="env.USERDOMAIN"/>
    <property value="1.5" name="java.specification.version"/>
    <property value="15" name="env.PROCESSOR_LEVEL"/>
  </properties>
  <testcase classname="br.com.settech.compositepattern.TestCompositeSchema" time="0.016" name="testSelectPossibleFathers"/>
  <testcase classname="br.com.settech.compositepattern.TestCompositeSchema" time="0" name="testSelectRelatives"/>
</testsuite>