<?xml version="1.0" encoding="UTF-8" ?>
<testsuite failures="0" time="0.018" errors="0" skipped="0" tests="3" name="br.com.settech.compositepattern.TestIllegalState">
  <properties>
    <property name="java.vendor" value="Sun Microsystems Inc."/>
    <property name="env.SESSION_MANAGER" value="local/Alberto-Souza:/tmp/.ICE-unix/3850"/>
    <property name="localRepository" value="/home/asouza/.m2/repository"/>
    <property name="sun.java.launcher" value="SUN_STANDARD"/>
    <property name="sun.management.compiler" value="HotSpot Tiered Compilers"/>
    <property name="os.name" value="Linux"/>
    <property name="sun.boot.class.path" value="/usr/lib/jvm/java-6-sun-1.6.0.14/jre/lib/resources.jar:/usr/lib/jvm/java-6-sun-1.6.0.14/jre/lib/rt.jar:/usr/lib/jvm/java-6-sun-1.6.0.14/jre/lib/sunrsasign.jar:/usr/lib/jvm/java-6-sun-1.6.0.14/jre/lib/jsse.jar:/usr/lib/jvm/java-6-sun-1.6.0.14/jre/lib/jce.jar:/usr/lib/jvm/java-6-sun-1.6.0.14/jre/lib/charsets.jar:/usr/lib/jvm/java-6-sun-1.6.0.14/jre/classes"/>
    <property name="env.PWD" value="/home/asouza"/>
    <property name="env.XDG_SESSION_COOKIE" value="089a848c972e9ab819547f574a382540-1249641109.626880-1677328477"/>
    <property name="sun.desktop" value="gnome"/>
    <property name="env.LANG" value="pt_BR.UTF-8"/>
    <property name="java.vm.specification.vendor" value="Sun Microsystems Inc."/>
    <property name="java.runtime.version" value="1.6.0_14-b08"/>
    <property name="env.DISPLAY" value=":0.0"/>
    <property name="user.name" value="asouza"/>
    <property name="env.USER" value="asouza"/>
    <property name="env.SHELL" value="/bin/bash"/>
    <property name="env.MOZILLA_FIVE_HOME" value="/usr/lib/xulrunner-addons"/>
    <property name="env.DESKTOP_SESSION" value="default"/>
    <property name="env.XDG_DATA_DIRS" value="/usr/local/share/:/usr/share/:/usr/share/gdm/"/>
    <property name="env.NLSPATH" value="/usr/dt/lib/nls/msg/%L/%N.cat"/>
    <property name="env.PATH" value="/usr/local/sbin:/usr/local/bin:/usr/sbin:/usr/bin:/sbin:/bin:/usr/games"/>
    <property name="user.language" value="pt"/>
    <property name="sun.boot.library.path" value="/usr/lib/jvm/java-6-sun-1.6.0.14/jre/lib/i386"/>
    <property name="classworlds.conf" value="/home/asouza/ambiente/desenvolvimento/projetos-os/.metadata/.plugins/org.maven.ide.eclipse/launches/m2conf4860928521821534227.tmp"/>
    <property name="java.version" value="1.6.0_14"/>
    <property name="user.timezone" value=""/>
    <property name="env.DBUS_SESSION_BUS_ADDRESS" value="unix:abstract=/tmp/dbus-WwtVAAlyJ5,guid=24b089e1a6aee49903b1f41d4a7c0296"/>
    <property name="sun.arch.data.model" value="32"/>
    <property name="env.SSH_AGENT_PID" value="3973"/>
    <property name="java.endorsed.dirs" value="/usr/lib/jvm/java-6-sun-1.6.0.14/jre/lib/endorsed"/>
    <property name="sun.cpu.isalist" value=""/>
    <property name="sun.jnu.encoding" value="UTF-8"/>
    <property name="file.encoding.pkg" value="sun.io"/>
    <property name="file.separator" value="/"/>
    <property name="java.specification.name" value="Java Platform API Specification"/>
    <property name="env.GNOME_DESKTOP_SESSION_ID" value="this-is-deprecated"/>
    <property name="java.class.version" value="50.0"/>
    <property name="env.GDMSESSION" value="default"/>
    <property name="user.country" value="BR"/>
    <property name="env.GNOME_KEYRING_PID" value="3837"/>
    <property name="java.home" value="/usr/lib/jvm/java-6-sun-1.6.0.14/jre"/>
    <property name="java.vm.info" value="mixed mode"/>
    <property name="env.LOGNAME" value="asouza"/>
    <property name="os.version" value="2.6.28-15-generic"/>
    <property name="path.separator" value=":"/>
    <property name="java.vm.version" value="14.0-b16"/>
    <property name="java.awt.printerjob" value="sun.print.PSPrinterJob"/>
    <property name="env.WINDOWPATH" value="7"/>
    <property name="sun.io.unicode.encoding" value="UnicodeLittle"/>
    <property name="env.GDM_LANG" value="pt_BR.UTF-8"/>
    <property name="user.home" value="/home/asouza"/>
    <property name="java.specification.vendor" value="Sun Microsystems Inc."/>
    <property name="java.library.path" value="/usr/lib/jvm/java-6-sun-1.6.0.14/jre/lib/i386/server:/usr/lib/jvm/java-6-sun-1.6.0.14/jre/lib/i386:/usr/lib/jvm/java-6-sun-1.6.0.14/jre/../lib/i386:/usr/lib/jvm/java-6-sun-1.6.0.14/jre/lib/i386/client:/usr/lib/jvm/java-6-sun-1.6.0.14/jre/lib/i386:/usr/lib/xulrunner-addons:/usr/lib/xulrunner-addons:/usr/lib/xulrunner-addons:/usr/lib/xulrunner-addons:/usr/java/packages/lib/i386:/lib:/usr/lib"/>
    <property name="java.vendor.url" value="http://java.sun.com/"/>
    <property name="env.GDM_XSERVER_LOCATION" value="local"/>
    <property name="java.vm.vendor" value="Sun Microsystems Inc."/>
    <property name="maven.home" value="EMBEDDED"/>
    <property name="java.runtime.name" value="Java(TM) SE Runtime Environment"/>
    <property name="java.class.path" value="/home/asouza/ambiente/eclipse/plugins/org.maven.ide.components.maven_embedder_2.1.0.20080530-2300/jars/plexus-classworlds-1.2-alpha-12.jar"/>
    <property name="env.XFILESEARCHPATH" value="/usr/dt/app-defaults/%L/Dt"/>
    <property name="java.vm.specification.name" value="Java Virtual Machine Specification"/>
    <property name="java.vm.specification.version" value="1.0"/>
    <property name="m2eclipse.workspace.state" value="/home/asouza/ambiente/desenvolvimento/projetos-os/.metadata/.plugins/org.maven.ide.eclipse/workspacestate.properties"/>
    <property name="sun.cpu.endian" value="little"/>
    <property name="env.GTK_RC_FILES" value="/etc/gtk/gtkrc:/home/asouza/.gtkrc-1.2-gnome2"/>
    <property name="sun.os.patch.level" value="unknown"/>
    <property name="env.HOME" value="/home/asouza"/>
    <property name="surefire.test.class.path" value="/home/asouza/ambiente/desenvolvimento/projetos-os/composite-pattern/target/test-classes:/home/asouza/ambiente/desenvolvimento/projetos-os/composite-pattern/target/classes:/home/asouza/.m2/repository/junit/junit/4.4/junit-4.4.jar:"/>
    <property name="java.io.tmpdir" value="/tmp"/>
    <property name="env.LD_LIBRARY_PATH" value="/usr/lib/jvm/java-6-sun-1.6.0.14/jre/lib/i386/server:/usr/lib/jvm/java-6-sun-1.6.0.14/jre/lib/i386:/usr/lib/jvm/java-6-sun-1.6.0.14/jre/../lib/i386:/usr/lib/jvm/java-6-sun-1.6.0.14/jre/lib/i386/client:/usr/lib/jvm/java-6-sun-1.6.0.14/jre/lib/i386:/usr/lib/xulrunner-addons:/usr/lib/xulrunner-addons:/usr/lib/xulrunner-addons:/usr/lib/xulrunner-addons"/>
    <property name="java.vendor.url.bug" value="http://java.sun.com/cgi-bin/bugreport.cgi"/>
    <property name="env.SSH_AUTH_SOCK" value="/tmp/keyring-KlcjGP/socket.ssh"/>
    <property name="java.awt.graphicsenv" value="sun.awt.X11GraphicsEnvironment"/>
    <property name="os.arch" value="i386"/>
    <property name="java.ext.dirs" value="/usr/lib/jvm/java-6-sun-1.6.0.14/jre/lib/ext:/usr/java/packages/lib/ext"/>
    <property name="user.dir" value="/home/asouza/ambiente/desenvolvimento/projetos-os/composite-pattern"/>
    <property name="env.XAUTHORITY" value="/home/asouza/.Xauthority"/>
    <property name="env.GTK_MODULES" value="canberra-gtk-module"/>
    <property name="line.separator" value="
"/>
    <property name="java.vm.name" value="Java HotSpot(TM) Server VM"/>
    <property name="basedir" value="/home/asouza/ambiente/desenvolvimento/projetos-os/composite-pattern"/>
    <property name="maven.mode.standalone" value="true"/>
    <property name="env.ORBIT_SOCKETDIR" value="/tmp/orbit-asouza"/>
    <property name="env.USERNAME" value="asouza"/>
    <property name="file.encoding" value="UTF-8"/>
    <property name="env.GNOME_KEYRING_SOCKET" value="/tmp/keyring-KlcjGP/socket"/>
    <property name="env.GPG_AGENT_INFO" value="/tmp/seahorse-aUrPGB/S.gpg-agent:3996:1"/>
    <property name="java.specification.version" value="1.6"/>
  </properties>
  <testcase time="0.003" classname="br.com.settech.compositepattern.TestIllegalState" name="callAllChildren"/>
  <testcase time="0.002" classname="br.com.settech.compositepattern.TestIllegalState" name="callRelativesList"/>
  <testcase time="0.001" classname="br.com.settech.compositepattern.TestIllegalState" name="callPossibleFathers"/>
</testsuite>